<?xml version="1.0" encoding="UTF-8"?>
<!-- Generated by org.testng.reporters.JUnitReportReporter -->
<testsuite hostname="LAPTOP-F7OO9IRC" failures="0" tests="1" name="log" time="0.009" errors="0" timestamp="2025-04-09T10:53:09 IST" skipped="0">
  <testcase classname="log" name="bbb" time="0.009"/>
</testsuite> <!-- log -->
