<?xml version="1.0" encoding="UTF-8"?>
<!-- Generated by org.testng.reporters.JUnitReportReporter -->
<testsuite hostname="LAPTOP-F7OO9IRC" failures="0" tests="3" name="TTestcases.Testcase1" time="0.017" errors="0" timestamp="2025-04-08T21:48:17 IST" skipped="0">
  <testcase classname="TTestcases.Testcase1" name="Openapp" time="0.012"/>
  <testcase classname="TTestcases.Testcase1" name="Login" time="0.002"/>
  <testcase classname="TTestcases.Testcase1" name="Loginout" time="0.003"/>
</testsuite> <!-- TTestcases.Testcase1 -->
